Message : frmlogin - btnLogin_Click(object sender, EventArgs e)At Line No. 0 Col 0
Exception : Object reference not set to an instance of an object.
LogDate : 13/03/2017 12:17:19 AM
User Name : 
------------------------------------------------------------------------
Message : frmShiftAllocation -  dgvData_RowDataBound(object sender, GridViewRowEventArgs e)At Line No. 0 Col 0
Exception : Specified argument was out of the range of valid values.
Parameter name: index
LogDate : 18/03/2017 11:41:27 AM
User Name : 
----------------------------------------------------------------------------------------------------
Message : frmShiftAllocation -  dgvData_RowDataBound(object sender, GridViewRowEventArgs e)At Line No. 0 Col 0
Exception : Specified argument was out of the range of valid values.
Parameter name: index
LogDate : 18/03/2017 11:41:27 AM
User Name : 
----------------------------------------------------------------------------------------------------
Message : frmShiftAllocation -  dgvData_RowDataBound(object sender, GridViewRowEventArgs e)At Line No. 0 Col 0
Exception : Specified argument was out of the range of valid values.
Parameter name: index
LogDate : 18/03/2017 11:41:27 AM
User Name : 
----------------------------------------------------------------------------------------------------
Message : frmShiftAllocation -  dgvData_RowDataBound(object sender, GridViewRowEventArgs e)At Line No. 0 Col 0
Exception : Specified argument was out of the range of valid values.
Parameter name: index
LogDate : 18/03/2017 11:41:27 AM
User Name : 
----------------------------------------------------------------------------------------------------
Message : frmShiftAllocation -  dgvData_RowDataBound(object sender, GridViewRowEventArgs e)At Line No. 0 Col 0
Exception : Specified argument was out of the range of valid values.
Parameter name: index
LogDate : 18/03/2017 11:41:27 AM
User Name : 
----------------------------------------------------------------------------------------------------
Message : frmShiftAllocation -  dgvData_RowDataBound(object sender, GridViewRowEventArgs e)At Line No. 0 Col 0
Exception : Specified argument was out of the range of valid values.
Parameter name: index
LogDate : 18/03/2017 11:41:27 AM
User Name : 
----------------------------------------------------------------------------------------------------
Message : frmShiftAllocation -  dgvData_RowDataBound(object sender, GridViewRowEventArgs e)At Line No. 0 Col 0
Exception : Specified argument was out of the range of valid values.
Parameter name: index
LogDate : 18/03/2017 11:41:27 AM
User Name : 
----------------------------------------------------------------------------------------------------
Message : frmShiftAllocation -  dgvData_RowDataBound(object sender, GridViewRowEventArgs e)At Line No. 0 Col 0
Exception : Specified argument was out of the range of valid values.
Parameter name: index
LogDate : 18/03/2017 11:41:27 AM
User Name : 
----------------------------------------------------------------------------------------------------
Message : frmShiftAllocation -  dgvData_RowDataBound(object sender, GridViewRowEventArgs e)At Line No. 0 Col 0
Exception : Specified argument was out of the range of valid values.
Parameter name: index
LogDate : 18/03/2017 11:41:27 AM
User Name : 
----------------------------------------------------------------------------------------------------
Message : frmShiftAllocation -  dgvData_RowDataBound(object sender, GridViewRowEventArgs e)At Line No. 0 Col 0
Exception : Specified argument was out of the range of valid values.
Parameter name: index
LogDate : 18/03/2017 11:41:27 AM
User Name : 
----------------------------------------------------------------------------------------------------
Message : frmShiftAllocation -  dgvData_RowDataBound(object sender, GridViewRowEventArgs e)At Line No. 0 Col 0
Exception : Specified argument was out of the range of valid values.
Parameter name: index
LogDate : 18/03/2017 11:41:27 AM
User Name : 
----------------------------------------------------------------------------------------------------
Message : frmShiftAllocation -  dgvData_RowDataBound(object sender, GridViewRowEventArgs e)At Line No. 0 Col 0
Exception : Specified argument was out of the range of valid values.
Parameter name: index
LogDate : 18/03/2017 11:41:27 AM
User Name : 
----------------------------------------------------------------------------------------------------
Message : frmShiftAllocation -  dgvData_RowDataBound(object sender, GridViewRowEventArgs e)At Line No. 0 Col 0
Exception : Specified argument was out of the range of valid values.
Parameter name: index
LogDate : 18/03/2017 11:41:27 AM
User Name : 
----------------------------------------------------------------------------------------------------
Message : frmShiftAllocation -  dgvData_RowDataBound(object sender, GridViewRowEventArgs e)At Line No. 0 Col 0
Exception : Specified argument was out of the range of valid values.
Parameter name: index
LogDate : 18/03/2017 11:41:27 AM
User Name : 
----------------------------------------------------------------------------------------------------
Message : frmShiftAllocation -  dgvData_RowDataBound(object sender, GridViewRowEventArgs e)At Line No. 0 Col 0
Exception : Specified argument was out of the range of valid values.
Parameter name: index
LogDate : 18/03/2017 11:41:27 AM
User Name : 
----------------------------------------------------------------------------------------------------
Message : frmShiftAllocation -  dgvData_RowDataBound(object sender, GridViewRowEventArgs e)At Line No. 0 Col 0
Exception : Specified argument was out of the range of valid values.
Parameter name: index
LogDate : 18/03/2017 11:41:27 AM
User Name : 
----------------------------------------------------------------------------------------------------
Message : frmShiftAllocation -  dgvData_RowDataBound(object sender, GridViewRowEventArgs e)At Line No. 0 Col 0
Exception : Specified argument was out of the range of valid values.
Parameter name: index
LogDate : 18/03/2017 11:41:27 AM
User Name : 
----------------------------------------------------------------------------------------------------
Message : frmShiftAllocation -  dgvData_RowDataBound(object sender, GridViewRowEventArgs e)At Line No. 0 Col 0
Exception : Specified argument was out of the range of valid values.
Parameter name: index
LogDate : 18/03/2017 11:41:27 AM
User Name : 
----------------------------------------------------------------------------------------------------
Message : frmShiftAllocation -  dgvData_RowDataBound(object sender, GridViewRowEventArgs e)At Line No. 0 Col 0
Exception : Specified argument was out of the range of valid values.
Parameter name: index
LogDate : 18/03/2017 11:41:27 AM
User Name : 
----------------------------------------------------------------------------------------------------
Message : frmShiftAllocation -  dgvData_RowDataBound(object sender, GridViewRowEventArgs e)At Line No. 0 Col 0
Exception : Specified argument was out of the range of valid values.
Parameter name: index
LogDate : 18/03/2017 11:41:27 AM
User Name : 
----------------------------------------------------------------------------------------------------
